<?xml version="1.0" encoding="UTF-8" standalone="yes"?>
<testsuites time="1500.037" tests="7" failures="0" errors="0">
    <testsuite tests="7" failures="0" errors="0" time="1500.037" timestamp="2020-06-03T14:15:14">
        <properties>
[...]
</properties>
        <testcase name="AKOAssessmentCreationTest" time="214.291" classname="org.graphwalker.AKOAssessmentCreationTest"/>
        <testcase name="AKOAssessmentPerformanceLevelsTest" time="214.291" classname="org.graphwalker.AKOAssessmentPerformanceLevelsTest"/>
        <testcase name="AKOAssessmentStandardsTest" time="214.291" classname="org.graphwalker.AKOAssessmentStandardsTest"/>
        <testcase name="AKOAssessmentInfoTest" time="214.291" classname="org.graphwalker.AKOAssessmentInfoTest"/>
        <testcase name="AKOAssessmentSetupTest" time="214.291" classname="org.graphwalker.AKOAssessmentSetupTest"/>
        <testcase name="AKOAssessmentAnswerKeysTest" time="214.291" classname="org.graphwalker.AKOAssessmentAnswerKeysTest"/>
        <testcase name="CreateAKOAssessmentTest" time="214.291" classname="org.graphwalker.CreateAKOAssessmentTest"/>
    </testsuite>
</testsuites>
