<?xml version="1.0" encoding="UTF-8" standalone="yes"?>
<testsuites time="1496.53" tests="7" failures="0" errors="1">
    <testsuite tests="7" failures="0" errors="1" time="1496.53" timestamp="2020-06-03T13:56:43">
        <properties>
[...]
</properties>
        <testcase name="AKOAssessmentPerformanceLevelsTest" time="213.79" classname="org.graphwalker.AKOAssessmentPerformanceLevelsTest"/>
        <testcase name="AKOAssessmentSetupTest" time="213.79" classname="org.graphwalker.AKOAssessmentSetupTest">
            <error type="org.openqa.selenium.TimeoutException" message="Expected condition failed: waiting for element to be clickable: By.xpath: (//div[@id='Footer-Slide-Content']//a[@class = 'btn btn-success'])[1] (tried for 30 second(s) with 500 milliseconds interval)&#xA;Build info: version: '3.141.59', revision: 'e82be7d358', time: '2018-11-14T08:17:03'&#xA;System info: host: 'LENOVO-PC', ip: '192.168.225.242', os.name: 'Windows 7', os.arch: 'amd64', os.version: '6.1', java.version: '1.8.0_241'&#xA;Driver info: org.openqa.selenium.chrome.ChromeDriver&#xA;Capabilities {acceptInsecureCerts: false, browserName: chrome, browserVersion: 83.0.4103.61, chrome: {chromedriverVersion: 83.0.4103.39 (ccbf011cb2d2b..., userDataDir: C:\Users\LENOVO\AppData\Loc...}, goog:chromeOptions: {debuggerAddress: localhost:54202}, javascriptEnabled: true, networkConnectionEnabled: false, pageLoadStrategy: normal, platform: WINDOWS, platformName: WINDOWS, proxy: Proxy(), setWindowRect: true, strictFileInteractability: false, timeouts: {implicit: 0, pageLoad: 300000, script: 30000}, unhandledPromptBehavior: accept, webauthn:virtualAuthenticators: true}&#xA;Session ID: 570a3a1deea8b303ddf01c9fe8026d0b">
                org.openqa.selenium.TimeoutException: Expected condition failed: waiting for element to be clickable: By.xpath: (//div[@id='Footer-Slide-Content']//a[@class = 'btn btn-success'])[1] (tried for 30 second(s) with 500 milliseconds interval)
                Build info: version: '3.141.59', revision: 'e82be7d358', time: '2018-11-14T08:17:03'
                System info: host: 'LENOVO-PC', ip: '192.168.225.242', os.name: 'Windows 7', os.arch: 'amd64', os.version: '6.1', java.version: '1.8.0_241'
                Driver info: org.openqa.selenium.chrome.ChromeDriver
                Capabilities {acceptInsecureCerts: false, browserName: chrome, browserVersion: 83.0.4103.61, chrome: {chromedriverVersion: 83.0.4103.39 (ccbf011cb2d2b..., userDataDir: C:\Users\LENOVO\AppData\Loc...}, goog:chromeOptions: {debuggerAddress: localhost:54202}, javascriptEnabled: true, networkConnectionEnabled: false, pageLoadStrategy: normal, platform: WINDOWS, platformName: WINDOWS, proxy: Proxy(), setWindowRect: true, strictFileInteractability: false, timeouts: {implicit: 0, pageLoad: 300000, script: 30000}, unhandledPromptBehavior: accept, webauthn:virtualAuthenticators: true}
                Session ID: 570a3a1deea8b303ddf01c9fe8026d0b&#xD;
                	at org.openqa.selenium.support.ui.WebDriverWait.timeoutException(WebDriverWait.java:95)&#xD;
                	at org.openqa.selenium.support.ui.FluentWait.until(FluentWait.java:272)&#xD;
                	at Helpers.DriverHelper.clickXpath(DriverHelper.java:37)&#xD;
                	at org.graphwalker.AKOAssessmentSetupTest.e_SelectSetupProperties(AKOAssessmentSetupTest.java:209)&#xD;
                	at jdk.nashorn.internal.scripts.Script$Recompilation$102$116$\^eval\_.e_SelectSetupProperties(&lt;eval&gt;:1)&#xD;
                	at jdk.nashorn.internal.scripts.Script$101$\^eval\_.:program(&lt;eval&gt;:1)&#xD;
                	at jdk.nashorn.internal.runtime.ScriptFunctionData.invoke(ScriptFunctionData.java:637)&#xD;
                	at jdk.nashorn.internal.runtime.ScriptFunction.invoke(ScriptFunction.java:494)&#xD;
                	at jdk.nashorn.internal.runtime.ScriptRuntime.apply(ScriptRuntime.java:393)&#xD;
                	at jdk.nashorn.api.scripting.NashornScriptEngine.evalImpl(NashornScriptEngine.java:449)&#xD;
                	at jdk.nashorn.api.scripting.NashornScriptEngine.evalImpl(NashornScriptEngine.java:406)&#xD;
                	at jdk.nashorn.api.scripting.NashornScriptEngine.evalImpl(NashornScriptEngine.java:402)&#xD;
                	at jdk.nashorn.api.scripting.NashornScriptEngine.eval(NashornScriptEngine.java:155)&#xD;
                	at javax.script.AbstractScriptEngine.eval(AbstractScriptEngine.java:264)&#xD;
                	at org.graphwalker.core.machine.ExecutionContext.execute(ExecutionContext.java:300)&#xD;
                	at org.graphwalker.core.machine.SimpleMachine.execute(SimpleMachine.java:278)&#xD;
                	at org.graphwalker.core.machine.SimpleMachine.execute(SimpleMachine.java:267)&#xD;
                	at org.graphwalker.core.machine.SimpleMachine.getNextStep(SimpleMachine.java:105)&#xD;
                	at org.graphwalker.java.test.TestExecutor.execute(TestExecutor.java:199)&#xD;
                	at sun.reflect.NativeMethodAccessorImpl.invoke0(Native Method)&#xD;
                	at sun.reflect.NativeMethodAccessorImpl.invoke(NativeMethodAccessorImpl.java:62)&#xD;
                	at sun.reflect.DelegatingMethodAccessorImpl.invoke(DelegatingMethodAccessorImpl.java:43)&#xD;
                	at java.lang.reflect.Method.invoke(Method.java:498)&#xD;
                	at org.graphwalker.java.test.Reflections.invoke(Reflections.java:74)&#xD;
                	at org.graphwalker.java.test.Reflector.execute(Reflector.java:125)&#xD;
                	at org.graphwalker.maven.plugin.TestMojo.execute(TestMojo.java:153)&#xD;
                	at org.apache.maven.plugin.DefaultBuildPluginManager.executeMojo(DefaultBuildPluginManager.java:137)&#xD;
                	at org.apache.maven.lifecycle.internal.MojoExecutor.execute(MojoExecutor.java:210)&#xD;
                	at org.apache.maven.lifecycle.internal.MojoExecutor.execute(MojoExecutor.java:156)&#xD;
                	at org.apache.maven.lifecycle.internal.MojoExecutor.execute(MojoExecutor.java:148)&#xD;
                	at org.apache.maven.lifecycle.internal.LifecycleModuleBuilder.buildProject(LifecycleModuleBuilder.java:117)&#xD;
                	at org.apache.maven.lifecycle.internal.LifecycleModuleBuilder.buildProject(LifecycleModuleBuilder.java:81)&#xD;
                	at org.apache.maven.lifecycle.internal.builder.singlethreaded.SingleThreadedBuilder.build(SingleThreadedBuilder.java:56)&#xD;
                	at org.apache.maven.lifecycle.internal.LifecycleStarter.execute(LifecycleStarter.java:128)&#xD;
                	at org.apache.maven.DefaultMaven.doExecute(DefaultMaven.java:305)&#xD;
                	at org.apache.maven.DefaultMaven.doExecute(DefaultMaven.java:192)&#xD;
                	at org.apache.maven.DefaultMaven.execute(DefaultMaven.java:105)&#xD;
                	at org.apache.maven.cli.MavenCli.execute(MavenCli.java:957)&#xD;
                	at org.apache.maven.cli.MavenCli.doMain(MavenCli.java:289)&#xD;
                	at org.apache.maven.cli.MavenCli.main(MavenCli.java:193)&#xD;
                	at sun.reflect.NativeMethodAccessorImpl.invoke0(Native Method)&#xD;
                	at sun.reflect.NativeMethodAccessorImpl.invoke(NativeMethodAccessorImpl.java:62)&#xD;
                	at sun.reflect.DelegatingMethodAccessorImpl.invoke(DelegatingMethodAccessorImpl.java:43)&#xD;
                	at java.lang.reflect.Method.invoke(Method.java:498)&#xD;
                	at org.codehaus.plexus.classworlds.launcher.Launcher.launchEnhanced(Launcher.java:282)&#xD;
                	at org.codehaus.plexus.classworlds.launcher.Launcher.launch(Launcher.java:225)&#xD;
                	at org.codehaus.plexus.classworlds.launcher.Launcher.mainWithExitCode(Launcher.java:406)&#xD;
                	at org.codehaus.plexus.classworlds.launcher.Launcher.main(Launcher.java:347)&#xD;
</error>
        </testcase>
        <testcase name="AKOAssessmentStandardsTest" time="213.79" classname="org.graphwalker.AKOAssessmentStandardsTest"/>
        <testcase name="AKOAssessmentCreationTest" time="213.79" classname="org.graphwalker.AKOAssessmentCreationTest"/>
        <testcase name="AKOAssessmentInfoTest" time="213.79" classname="org.graphwalker.AKOAssessmentInfoTest"/>
        <testcase name="AKOAssessmentAnswerKeysTest" time="213.79" classname="org.graphwalker.AKOAssessmentAnswerKeysTest"/>
        <testcase name="CreateAKOAssessmentTest" time="213.79" classname="org.graphwalker.CreateAKOAssessmentTest"/>
    </testsuite>
</testsuites>
